SF:lib\src\class\row.dart
DA:23,2
DA:27,0
DA:28,0
DA:29,0
DA:30,0
DA:31,0
DA:60,1
DA:61,4
DA:64,0
DA:65,0
DA:66,0
DA:67,0
DA:68,0
DA:69,0
DA:72,0
DA:80,2
DA:87,1
DA:96,1
DA:98,1
DA:99,1
DA:100,1
DA:103,1
DA:104,1
DA:105,4
DA:106,3
DA:107,4
DA:108,3
DA:113,0
DA:114,0
DA:115,0
DA:116,0
DA:121,0
DA:123,0
DA:124,0
DA:127,0
DA:131,0
DA:133,0
DA:134,0
DA:135,0
DA:143,0
DA:144,0
DA:145,0
DA:146,0
DA:147,0
DA:154,3
DA:157,1
DA:158,1
DA:159,4
DA:164,6
DA:168,0
LF:50
LH:20
end_of_record
SF:lib\src\class\header.dart
DA:16,2
DA:20,0
DA:21,0
DA:22,0
DA:23,0
DA:24,0
DA:48,1
DA:49,4
DA:52,0
DA:53,0
DA:54,0
DA:55,0
DA:56,0
DA:57,0
DA:60,0
DA:68,2
DA:75,1
DA:83,1
DA:84,1
DA:85,1
DA:88,1
DA:89,1
DA:90,4
DA:91,3
DA:92,4
DA:93,3
DA:98,0
DA:99,0
DA:100,0
DA:101,0
DA:106,0
DA:108,0
DA:109,0
DA:112,0
DA:116,1
DA:118,1
DA:119,3
DA:120,2
DA:128,0
DA:129,0
DA:130,0
DA:131,0
DA:132,0
DA:139,1
DA:140,1
DA:141,4
DA:146,0
DA:150,0
LF:48
LH:21
end_of_record
SF:lib\src\class\cell.dart
DA:28,1
DA:31,1
DA:35,1
DA:36,3
LF:4
LH:4
end_of_record
SF:lib\src\class\controller.dart
DA:13,2
DA:14,0
DA:15,0
DA:16,0
DA:26,2
DA:28,0
DA:29,0
DA:30,0
DA:31,0
DA:32,0
DA:42,2
DA:48,2
DA:50,0
DA:51,0
DA:52,0
DA:60,2
DA:62,0
DA:63,0
DA:64,0
DA:72,2
DA:74,0
DA:75,0
DA:76,0
DA:84,2
DA:86,0
DA:87,0
DA:88,0
DA:96,2
DA:98,0
DA:99,0
DA:100,0
DA:133,0
DA:134,0
DA:135,0
DA:136,0
DA:137,0
DA:141,1
DA:156,1
DA:157,1
DA:158,1
DA:159,1
DA:160,1
DA:161,1
DA:162,1
DA:163,1
DA:164,1
DA:167,1
DA:168,4
DA:169,4
DA:170,3
DA:174,1
DA:175,2
DA:176,2
DA:180,1
DA:181,4
DA:182,4
DA:183,3
DA:187,1
DA:188,2
DA:189,2
DA:193,1
DA:195,1
DA:196,1
DA:197,1
DA:200,0
DA:203,3
DA:206,1
DA:207,5
DA:210,2
DA:211,4
DA:212,3
DA:214,1
DA:216,1
DA:217,2
DA:218,1
DA:219,1
DA:220,3
DA:227,3
DA:230,0
DA:231,0
DA:234,0
DA:235,0
DA:236,0
DA:238,1
DA:239,1
DA:240,2
DA:241,1
DA:242,1
DA:243,3
LF:89
LH:55
end_of_record
SF:lib\src\class\cell_details.dart
DA:29,1
LF:1
LH:1
end_of_record
SF:lib\src\widget\table.dart
DA:109,1
DA:126,1
DA:128,1
DA:130,1
DA:131,1
DA:135,1
DA:137,2
DA:139,8
DA:140,5
DA:141,4
DA:142,5
DA:143,0
DA:144,0
DA:148,1
DA:151,1
DA:153,2
DA:154,0
DA:155,0
DA:156,0
DA:158,1
DA:159,2
DA:160,2
DA:161,2
DA:162,2
DA:163,2
DA:164,2
DA:165,2
DA:166,2
DA:167,2
DA:168,2
DA:169,2
DA:170,2
DA:171,2
DA:172,2
DA:174,1
LF:35
LH:30
end_of_record
SF:lib\src\widget_internal\table.dart
DA:16,1
DA:18,0
DA:20,1
DA:21,1
DA:33,1
DA:35,1
DA:36,2
DA:37,3
DA:38,3
DA:39,2
DA:40,3
DA:41,3
DA:44,1
DA:46,2
DA:47,2
DA:48,2
DA:49,2
DA:50,1
DA:53,1
DA:54,1
DA:55,1
DA:56,2
DA:57,1
DA:58,2
DA:60,0
DA:61,0
DA:62,0
DA:65,2
DA:68,1
DA:71,1
DA:73,1
DA:74,1
DA:75,1
DA:76,1
DA:77,2
DA:78,4
DA:80,2
DA:81,5
DA:82,1
DA:83,1
DA:86,1
DA:89,1
DA:90,2
DA:93,2
DA:98,1
DA:99,1
DA:100,1
DA:101,1
DA:102,1
DA:103,1
DA:104,1
DA:105,1
DA:106,1
DA:107,1
DA:108,1
DA:109,1
DA:110,1
DA:111,1
DA:112,1
DA:114,1
DA:115,1
DA:116,2
DA:118,1
DA:119,1
DA:120,1
DA:122,2
DA:123,1
DA:124,1
DA:126,1
DA:127,1
DA:128,1
DA:129,0
DA:130,0
DA:131,0
DA:137,1
DA:139,1
DA:140,0
DA:142,0
DA:150,1
DA:151,1
DA:152,1
DA:154,1
DA:155,1
DA:156,1
DA:157,1
DA:158,1
DA:159,1
DA:162,1
DA:163,1
DA:164,1
DA:165,1
DA:166,1
DA:167,1
DA:168,1
DA:169,1
DA:170,1
DA:171,1
DA:172,1
DA:173,1
DA:174,1
DA:175,1
DA:177,1
DA:178,1
DA:179,2
DA:181,1
DA:183,1
DA:184,0
DA:185,0
DA:186,0
DA:201,1
DA:203,1
DA:204,1
DA:205,1
DA:206,1
DA:207,1
DA:208,1
DA:209,1
DA:210,1
DA:211,1
DA:212,1
DA:213,2
DA:215,1
DA:216,1
DA:217,1
DA:219,1
DA:220,1
DA:221,1
DA:222,1
DA:223,1
DA:224,1
DA:225,1
DA:226,1
DA:229,1
DA:231,1
DA:232,0
DA:234,0
DA:245,1
DA:246,1
LF:138
LH:124
end_of_record
SF:lib\src\widget_internal\cell.dart
DA:31,1
DA:41,1
DA:43,1
DA:44,1
DA:45,1
DA:46,2
DA:47,2
DA:48,4
DA:49,4
DA:50,2
DA:52,1
DA:53,2
DA:54,2
DA:55,1
DA:56,1
LF:15
LH:15
end_of_record
